<?xml version="1.0" encoding="UTF-8"?>
<testng-results ignored="0" total="2" passed="1" failed="1" skipped="0">
  <reporter-output>
  </reporter-output>
  <suite started-at="2023-11-03T21:32:05 IST" name="Default suite" finished-at="2023-11-03T21:32:43 IST" duration-ms="37942">
    <groups>
    </groups>
    <test started-at="2023-11-03T21:32:05 IST" name="Default test" finished-at="2023-11-03T21:32:43 IST" duration-ms="37942">
      <class name="com.RunnerPushpa_Project.Pushpa_Project_Runner">
        <test-method is-config="true" signature="browser_Launch()[pri:0, instance:com.RunnerPushpa_Project.Pushpa_Project_Runner@78e4deb0]" started-at="2023-11-03T21:32:05 IST" name="browser_Launch" finished-at="2023-11-03T21:32:08 IST" duration-ms="2941" status="PASS">
          <reporter-output>
          </reporter-output>
        </test-method> <!-- browser_Launch -->
        <test-method signature="imdb_Launch()[pri:1, instance:com.RunnerPushpa_Project.Pushpa_Project_Runner@78e4deb0]" started-at="2023-11-03T21:32:08 IST" name="imdb_Launch" finished-at="2023-11-03T21:32:28 IST" duration-ms="19701" status="PASS">
          <reporter-output>
          </reporter-output>
        </test-method> <!-- imdb_Launch -->
        <test-method signature="imdb_Search()[pri:2, instance:com.RunnerPushpa_Project.Pushpa_Project_Runner@78e4deb0]" started-at="2023-11-03T21:32:28 IST" name="imdb_Search" finished-at="2023-11-03T21:32:42 IST" duration-ms="14648" status="FAIL">
          <exception class="java.lang.AssertionError">
            <message>
              <![CDATA[expected [December 17, 2021 (United States)] but found [17 December 2021]]]>
            </message>
            <full-stacktrace>
              <![CDATA[java.lang.AssertionError: expected [December 17, 2021 (United States)] but found [17 December 2021]
at org.testng.Assert.fail(Assert.java:111)
at org.testng.Assert.failNotEquals(Assert.java:1578)
at org.testng.Assert.assertEqualsImpl(Assert.java:150)
at org.testng.Assert.assertEquals(Assert.java:132)
at org.testng.Assert.assertEquals(Assert.java:656)
at org.testng.Assert.assertEquals(Assert.java:666)
at com.RunnerPushpa_Project.Pushpa_Project_Runner.imdb_Search(Pushpa_Project_Runner.java:60)
at java.base/jdk.internal.reflect.NativeMethodAccessorImpl.invoke0(Native Method)
at java.base/jdk.internal.reflect.NativeMethodAccessorImpl.invoke(NativeMethodAccessorImpl.java:77)
at java.base/jdk.internal.reflect.DelegatingMethodAccessorImpl.invoke(DelegatingMethodAccessorImpl.java:43)
at java.base/java.lang.reflect.Method.invoke(Method.java:568)
at org.testng.internal.invokers.MethodInvocationHelper.invokeMethod(MethodInvocationHelper.java:139)
at org.testng.internal.invokers.TestInvoker.invokeMethod(TestInvoker.java:664)
at org.testng.internal.invokers.TestInvoker.invokeTestMethod(TestInvoker.java:227)
at org.testng.internal.invokers.MethodRunner.runInSequence(MethodRunner.java:50)
at org.testng.internal.invokers.TestInvoker$MethodInvocationAgent.invoke(TestInvoker.java:957)
at org.testng.internal.invokers.TestInvoker.invokeTestMethods(TestInvoker.java:200)
at org.testng.internal.invokers.TestMethodWorker.invokeTestMethods(TestMethodWorker.java:148)
at org.testng.internal.invokers.TestMethodWorker.run(TestMethodWorker.java:128)
at java.base/java.util.ArrayList.forEach(ArrayList.java:1511)
at org.testng.TestRunner.privateRun(TestRunner.java:848)
at org.testng.TestRunner.run(TestRunner.java:621)
at org.testng.SuiteRunner.runTest(SuiteRunner.java:443)
at org.testng.SuiteRunner.runSequentially(SuiteRunner.java:437)
at org.testng.SuiteRunner.privateRun(SuiteRunner.java:397)
at org.testng.SuiteRunner.run(SuiteRunner.java:336)
at org.testng.SuiteRunnerWorker.runSuite(SuiteRunnerWorker.java:52)
at org.testng.SuiteRunnerWorker.run(SuiteRunnerWorker.java:95)
at org.testng.TestNG.runSuitesSequentially(TestNG.java:1280)
at org.testng.TestNG.runSuitesLocally(TestNG.java:1200)
at org.testng.TestNG.runSuites(TestNG.java:1114)
at org.testng.TestNG.run(TestNG.java:1082)
at org.testng.remote.AbstractRemoteTestNG.run(AbstractRemoteTestNG.java:115)
at org.testng.remote.RemoteTestNG.initAndRun(RemoteTestNG.java:251)
at org.testng.remote.RemoteTestNG.main(RemoteTestNG.java:77)
]]>
            </full-stacktrace>
          </exception> <!-- java.lang.AssertionError -->
          <reporter-output>
          </reporter-output>
        </test-method> <!-- imdb_Search -->
        <test-method is-config="true" signature="close_Driver()[pri:0, instance:com.RunnerPushpa_Project.Pushpa_Project_Runner@78e4deb0]" started-at="2023-11-03T21:32:42 IST" name="close_Driver" finished-at="2023-11-03T21:32:43 IST" duration-ms="520" status="PASS">
          <reporter-output>
          </reporter-output>
        </test-method> <!-- close_Driver -->
      </class> <!-- com.RunnerPushpa_Project.Pushpa_Project_Runner -->
    </test> <!-- Default test -->
  </suite> <!-- Default suite -->
</testng-results>
